[RUN #0 100 1]
-946 532 378 939 -863 627 530 -213 935 709 -576 528 -8 593 -922 -481 277 707 -835 689 -346 -299 60 383 788 -886 -145 738 -57 -360 -463 -696 -710 274 442 190 841 3 -355 -252 873 -559 -715 -910 -943 -838 -188 -921 -31 147 -954 287 413 -64 -581 187 -848 -531 7 11 -539 470 -562 244 -430 116 561 -461 -357 956 -963 -375 -3 266 -200 -685 -13 -247 310 -139 79 -469 -778 515 410 -26 118 667 -489 -419 880 281 -122 -113 642 440 -367 326 -993 947
[RUN #1 100 10]
345 -396 -110 299 -44 -262 410 -348 -482 96 68 669 148 715 -665 -150 -763 -256 -383 668 -999 -798 -101 -987 880 743 590 945 -780 183 -404 -509 895 -752 155 -176 -764 514 -478 -375 15 -247 58 -539 75 -497 -571 -268 -594 -698 97 -659 448 -819 401 127 107 63 -89 251 -449 755 -820 523 56 283 132 -879 596 879 -599 -422 -936 853 331 -161 232 550 -204 719 -157 395 775 662 989 -983 -337 663 -86 865 465 964 260 809 -821 478 310 725 729 -119
733 369 -70 302 562 -672 500 -773 8 177 -851 -841 -666 -239 876 -345 955 -489 305 355 831 965 -868 847 313 -377 835 -736 497 734 880 -501 408 -554 -641 622 79 -635 -290 631 247 863 -621 -31 259 140 -742 -140 431 226 -310 974 429 -305 405 -406 -431 467 -726 -255 -969 230 992 590 299 10 345 367 249 222 51 -133 -582 660 270 -783 -399 -359 -806 -944 73 169 276 763 -715 567 -689 -321 642 643 16 -460 -509 -997 486 292 365 820 -23 617
-401 -721 379 888 -938 932 862 537 -542 652 -20 4 125 108 -193 389 -80 511 -870 82 -978 -356 -358 712 364 -308 180 32 997 963 -862 -805 140 -839 736 -620 -22 -428 709 638 489 623 341 833 315 882 578 946 906 124 353 -357 -466 -959 -7 -717 -616 -133 66 407 890 -141 -860 -720 -719 45 -914 -436 -238 -655 -334 983 -681 -104 758 -811 -901 235 -127 658 715 367 911 584 -652 954 88 908 573 830 129 -234 141 -976 928 212 -365 733 -601 387
33 115 627 -410 509 -810 -511 -465 -705 -608 961 313 -867 -544 807 -275 -12 -306 -400 -680 -709 -1 603 796 -126 370 655 -667 213 -7 -973 -385 962 -632 -960 719 -740 -913 -87 -981 963 590 -222 823 676 -584 -210 -436 58 -444 136 -296 364 -777 673 426 271 -754 -776 -755 -806 -969 909 -455 795 246 133 896 990 -237 433 162 -879 -651 -13 -791 -64 -945 -689 674 -914 -333 177 -63 56 -255 -287 404 -629 -962 -818 -851 -396 137 -423 560 458 376 -497 438
654 -8 -309 -16 -411 708 692 -681 704 -93 -877 937 990 573 100 -879 -890 176 -150 918 823 -323 -510 416 219 49 -580 851 -88 810 535 415 -430 927 -889 -364 -489 -368 -869 354 -418 125 -279 -196 -386 -663 980 -462 885 -667 -957 -593 -860 570 -131 954 243 -255 844 123 723 -590 374 -369 297 840 -658 378 -570 -811 168 231 -905 -137 528 514 -995 473 883 -284 -216 -451 -645 362 -734 -436 42 -335 616 662 625 672 679 -887 906 -63 -650 349 -654 -45
985 -292 914 768 602 -396 -972 963 680 -15 -673 -361 -708 -366 428 -654 661 -424 -960 -576 898 -507 883 -846 -994 -822 -329 503 -609 -913 412 834 -683 62 548 584 336 -891 -168 -452 -166 -51 -624 -110 -636 243 352 926 176 -409 249 -354 724 92 -193 -765 657 931 116 -76 738 -876 -455 431 223 -854 429 -666 -348 822 518 -469 615 616 94 -551 464 246 -915 534 515 783 507 -727 250 -698 -263 43 381 -301 796 143 869 156 177 -190 -519 -605 -941 -338
165 761 753 -224 388 -465 -237 -385 -101 492 917 -190 -349 -764 -119 237 560 160 -49 -373 -96 -100 -352 163 -823 -393 -672 -172 -392 -203 -889 -282 -440 286 -233 84 235 -507 -174 220 693 -549 136 251 -175 82 317 -919 633 345 -960 -803 263 522 -395 -153 573 -442 -210 -620 139 -619 358 -702 16 -811 -868 797 -235 376 448 35 -411 728 -961 219 -588 381 -536 725 872 92 17 686 -618 292 477 618 169 111 951 -246 858 71 308 -313 -57 -529 -283 855
765 -337 -83 -132 994 -724 75 -348 172 574 -116 -983 748 284 385 -806 -808 -625 300 504 -218 347 -839 885 500 410 -651 -901 711 -805 694 637 474 -811 -886 -409 589 566 -938 -739 -909 780 -34 -329 -86 -124 332 -353 -567 562 -660 105 -471 -911 -840 456 -982 -720 -175 -522 277 314 -555 -394 -943 770 -998 -397 431 609 -624 326 7 -566 358 723 -665 171 -857 702 517 -785 484 -4 190 -244 827 489 830 898 -497 -375 -642 -2 -463 -979 -107 -288 942 249
342 970 387 379 262 -976 48 925 464 670 656 -690 -667 -91 985 -230 -101 -407 486 780 -152 507 -593 893 750 946 219 -723 725 469 590 581 550 4 181 -36 732 -869 -300 179 -990 -328 551 -331 -505 749 285 868 478 301 -935 -177 -625 69 247 -358 -477 -24 700 -49 -770 38 380 -464 -73 261 95 265 535 -390 -944 -143 -725 -197 864 -465 -395 140 488 403 -623 -843 -87 917 -538 922 -359 715 -864 -952 -246 -267 675 -98 -213 -386 873 12 302 -501
-86 707 112 -448 338 468 -353 -174 -683 -516 995 -943 -605 -927 403 433 -488 -383 652 604 329 -397 -476 710 922 -961 -692 -750 772 -576 -335 172 -38 -582 -940 -494 534 -862 -591 -998 565 -898 -816 47 440 -590 -527 -598 -447 -192 -631 -404 611 -741 -304 463 -731 -603 -107 644 -259 -664 997 -186 -642 -286 601 795 212 155 674 236 176 -436 -675 -689 280 -812 482 -698 69 477 -352 -991 -581 841 -796 -72 986 296 -607 382 -963 207 602 -755 678 -850 964 -481
[RUN #2 5 10]
-452 -690 444 -418 314
-809 -322 410 620 440
-518 -396 453 644 980
-88 570 -181 102 -136
967 -54 680 -767 -841
-792 -483 486 -343 165
-401 984 529 -295 -591
420 -252 299 -420 -397
134 -78 -375 382 -646
-603 -196 -372 447 693
[RUN #3 1 10]
190
-134
897
195
-902
-449
-878
-869
457
380
[RUN #4 2 10]
263 -92
73 -314
-999 -233
460 -222
-658 -150
-337 467
-935 328
734 302
-479 -220
-697 -785
[RUN #5 2 10]
-513 907
-881 855
175 582
-775 430
880 721
598 -264
257 565
-791 404
-848 -442
-609 912
[RUN #6 1 5]
-871
624
-233
766
944
[RUN #7 2 5]
-608 259
374 867
-624 -564
950 214
-122 637
[RUN #8 3 5]
121 171 2
-149 818 -493
190 10 210
887 517 59
682 -426 -564
[RUN #9 4 5]
765 310 739 -496
-528 -629 -385 669
741 -619 152 713
195 -227 539 -521
995 -472 -510 737
[RUN #10 2 5]
-760 276
797 567
685 814
595 -660
-240 731
[RUN #11 2 5]
44 -829
-649 112
-539 -786
277 56
959 -768
[RUN #12 3 5]
-590 808 428
-482 -176 468
331 -270 166
-569 99 125
627 59 513
[RUN #13 4 5]
704 -713 -236 -620
718 -191 -405 646
351 -940 -192 -992
-814 94 777 496
-721 812 61 -580
[RUN #14 5 5]
611 158 -391 705 -249
-129 662 271 275 -620
-572 45 -242 -637 -588
436 224 -192 599 -475
-816 19 -543 -343 -12
[RUN #15 6 5]
279 859 385 -109 -210 683
676 -190 646 -16 -808 -868
-912 -405 464 412 -966 -327
-239 748 -677 -152 143 819
-896 424 939 -324 -677 935
[RUN #16 7 5]
995 197 489 338 972 -278 -287
647 567 350 -40 -197 153 -751
815 461 -721 489 -156 -343 -953
-219 -451 -192 633 -795 -241 168
662 -500 904 -369 279 -510 -654
[RUN #17 8 5]
370 -758 -345 -542 -426 -971 377 391
-69 -668 283 203 853 -316 -255 -532
-927 455 -816 -109 880 -995 -523 340
-759 -269 -717 851 784 -669 772 -236
908 -419 936 -774 63 -900 50 855
[RUN #18 9 5]
836 830 -481 -497 -543 347 -502 -59 936
193 623 -965 29 396 817 757 550 775
-699 -504 125 15 -745 487 297 188 117
-883 492 -50 -136 -905 -545 -169 -450 -260
163 265 730 -338 216 -191 -485 -952 -324
[RUN #19 10 5]
-175 872 -214 680 -731 624 -941 441 -397 972
994 -351 -219 450 443 -646 12 -69 -356 814
-287 -864 -510 -414 -438 914 910 -174 -856 934
-656 29 -71 -937 -562 -52 -892 -607 852 831
-326 -333 778 12 91 -810 143 -70 159 577
[RUN #20 5 5]
-705 663 993 310 415
-158 -547 -735 794 -45
-842 745 -595 -762 78
-930 168 -83 243 -969
-575 413 421 980 -172
[RUN #21 4 5]
-944 752 215 676
544 -156 -179 963
289 -739 -736 437
-375 -65 -654 -502
-358 321 518 -346
[RUN #22 2 5]
-322 280
498 862
699 838
389 366
-514 -34
[RUN #23 3 5]
267 930 117
916 308 -372
670 -806 545
-193 91 704
-918 -891 734
[RUN #24 4 5]
-789 -263 872 -484
859 894 -573 760
958 346 134 911
-783 -487 755 596
-437 318 -719 -417
[RUN #25 5 5]
833 -82 -835 -963 -860
-994 -449 -743 630 407
-584 815 554 993 736
-188 -966 766 249 -193
465 816 422 -603 -498
[RUN #26 4 5]
-780 13 -15 830
-427 146 -970 -921
-106 -12 -373 436
-777 -714 -793 523
-545 760 950 829
[RUN #27 3 5]
-857 139 91
179 771 127
-360 -933 644
390 -112 -408
98 -510 924
[RUN #28 5 5]
673 -49 -472 765 8
244 737 -730 88 -558
-190 518 -938 -548 340
565 219 -575 -974 -770
-917 550 338 -213 894
[RUN #29 5 5]
934 51 935 -164 -249
709 -726 -425 -895 -36
-113 -893 600 927 952
-749 134 -534 954 -201
712 430 447 94 -342
[RUN #30 4 5]
530 -405 -580 -732
214 716 -100 -427
-795 161 -351 489
629 -365 -890 872
-410 899 -713 -316
[RUN #31 3 5]
19 206 9
-481 -624 86
-184 -251 918
494 -905 -195
701 -415 638
[RUN #32 3 5]
703 481 719
672 267 740
347 194 18
-98 -504 -208
138 -196 -630
[RUN #33 2 5]
-62 -124
-81 127
-559 -290
-57 87
-533 -734
[RUN #34 4 5]
882 48 -350 310
494 524 -333 -666
217 -970 -203 238
-614 161 711 119
-910 978 576 -120
[RUN #35 3 5]
-272 -955 745
919 -689 261
-387 915 -820
-22 856 -632
988 -295 -131
[RUN #36 10 5]
-100 904 -109 229 -1 887 900 944 878 782
860 -356 776 135 367 -676 -432 -346 -781 -944
906 -277 -604 971 462 484 -338 586 -850 942
692 -255 -686 -966 -421 -329 -886 245 -207 926
965 -231 506 -61 658 427 -961 -733 564 -569
[RUN #37 5 3]
-763 587 -201 -682 -987
-964 997 -694 -778 823
130 177 -368 487 -83
[RUN #38 2 5]
-553 286
-707 -41
-829 50
-160 -930
-357 -914
[RUN #39 5 3]
89 -955 -283 424 851
-564 951 -2 150 -952
-597 -443 205 69 695
[RUN #40 2 3]
-121 605
345 -691
-587 -541
[RUN #41 3 3]
-996 875 -484
-309 -154 -803
-461 428 870
[RUN #42 2 5]
152 -11
695 -913
135 303
-216 443
86 89
[RUN #43 3 5]
758 86 -113
586 -425 -909
-761 589 -436
-633 161 -375
-34 -320 451
[RUN #44 2 5]
2 -898
544 871
-751 919
385 368
209 -770
[RUN #45 3 5]
811 834 538
510 562 -103
483 439 -802
-713 -226 229
170 677 -228
[RUN #46 2 5]
-711 -469
-312 439
-788 214
-826 741
805 962
[RUN #47 2 5]
103 -472
393 724
-682 -814
907 -545
-901 -802
[RUN #48 3 5]
-866 -91 -401
-454 480 -672
896 -344 830
-254 -660 761
3 223 13
[RUN #49 3 5]
483 505 374
147 -502 -158
-97 -262 -628
-554 461 251
-956 -317 -570
[RUN #50 3 5]
29 -274 -975
202 880 917
249 -179 -886
74 787 10
-997 14 925
[RUN #51 2 5]
-6 875
338 -775
907 -876
716 -620
-100 107
[RUN #52 4 5]
766 258 -256 -70
-14 -529 388 604
38 -22 -282 -975
-449 501 -950 -361
-14 463 239 967
[RUN #53 2 5]
-801 -767
643 450
943 837
-850 -660
-530 -697
[RUN #54 3 5]
188 -80 621
470 189 -374
948 -160 -981
-121 587 -144
-634 251 457
[RUN #55 4 5]
-993 -195 -317 893
417 622 407 517
-45 -183 -266 735
239 -905 191 -834
-892 -652 -121 765
[RUN #56 5 5]
545 331 820 985 795
-652 -382 587 175 -930
914 -199 734 -169 -236
257 -746 166 742 -444
277 -130 853 661 -337
[RUN #57 4 5]
269 96 -12 997
-761 571 -262 -49
812 -170 673 588
630 -428 -928 -846
417 -581 -552 587
[RUN #58 4 5]
-213 512 635 837
-294 -771 -713 -682
-369 -334 427 590
-958 64 -981 23
174 -78 -230 -453
[RUN #59 4 5]
60 -784 78 -224
-211 649 -748 -642
802 619 280 -579
119 395 407 805
-550 -776 -938 980
[RUN #60 4 5]
-517 319 -447 -456
-611 119 460 -451
33 -154 -684 -26
-8 985 -318 605
873 -828 879 -541
[RUN #61 5 5]
257 721 816 -30 91
-872 -274 616 506 247
-898 -26 269 347 -480
728 -49 640 196 831
204 -904 384 -284 -341
[RUN #62 4 5]
-854 -309 319 233
-535 -871 685 -476
-610 -297 -598 499
91 -232 133 479
-523 898 284 926
[RUN #63 4 5]
606 -61 414 876
151 -929 -915 416
-501 -345 958 -279
-17 -170 -511 467
463 928 -862 465
[RUN #64 4 5]
-715 -497 706 727
-506 -516 390 -361
-281 -624 -463 877
0 -816 679 558
-559 -736 -817 -67
[RUN #65 5 5]
-742 670 -866 -970 345
933 -854 -978 -918 515
-731 833 -2 800 -562
-272 976 -111 127 307
361 763 -128 -548 458
[RUN #66 5 5]
214 951 370 -133 956
-505 -297 659 -701 29
243 177 -180 -689 601
-90 -935 477 843 718
881 327 427 802 484
[RUN #67 4 5]
-8 -362 -553 403
751 35 -497 -789
-553 805 958 865
769 757 -485 -777
502 -165 860 958
[RUN #68 5 5]
-258 -283 744 690 -346
837 -248 -765 377 867
505 -510 232 -261 820
-132 -854 837 249 -256
-184 -367 -770 -599 -403
[RUN #69 5 5]
471 6 2 -421 -617
-880 716 937 -156 -822
-307 -992 363 -891 46
-993 -887 -607 190 83
-751 537 -740 420 184
[RUN #70 4 5]
-859 453 992 396
-369 -484 -948 259
-999 967 534 -803
255 -804 591 -175
240 292 485 609
[RUN #71 5 5]
-265 -685 312 53 -162
309 -254 82 -788 77
-236 66 -466 785 -43
772 178 -65 465 268
-862 -42 -891 -721 -474
[RUN #72 5 5]
193 -557 -415 -818 -524
-273 552 473 -963 755
-193 -397 871 514 -432
-93 12 150 514 -715
53 -222 347 -643 764
[RUN #73 5 5]
464 889 897 -643 -571
-45 151 797 826 -190
-392 -877 798 -955 -898
-145 925 -65 643 862
723 -719 -276 -132 -408
[RUN #74 5 5]
466 -670 50 0 -644
869 127 -625 704 -693
-431 -906 171 -347 709
-699 -565 72 -490 80
-35 -334 104 -945 912
[RUN #75 5 5]
-431 26 -133 -891 -602
-66 438 -795 -681 300
22 -895 -501 -994 813
-774 -507 680 335 279
692 -874 659 -755 -841
[RUN #76 5 5]
-603 936 -646 -977 -439
-162 -69 91 -554 319
774 -76 -541 -558 887
919 738 479 972 -26
-769 977 -479 -179 271
[RUN #77 4 5]
953 38 -613 141
-135 14 736 892
-33 -112 886 -338
-782 -854 -123 936
-182 -727 -708 611
[RUN #78 4 5]
316 226 -561 814
794 580 -820 690
-472 344 -671 756
-11 -263 53 823
-391 529 692 -56
[RUN #79 4 5]
-6 -843 -39 509
-1 269 -881 696
-696 -948 -684 944
965 -635 839 669
-428 -402 -47 -292
[RUN #80 4 5]
290 888 317 484
-105 -52 254 -565
584 -86 -895 232
677 365 -9 -174
528 -259 -758 621
[RUN #81 5 5]
-446 787 807 443 209
-955 -464 -333 55 71
381 703 84 -229 -794
133 -642 -799 482 -962
406 -390 366 689 -50
[RUN #82 6 5]
-194 -939 -793 347 -387 140
230 278 -565 -311 101 -801
806 948 558 -624 -869 -702
432 378 -673 -567 -994 -615
-331 794 180 889 80 -174
[RUN #83 7 5]
102 -549 -968 532 -774 577 966
841 -727 155 -115 660 -632 972
-906 -315 -410 -751 698 -158 656
772 304 -704 921 524 -496 855
-382 23 986 -839 843 -247 -926
[RUN #84 8 5]
422 -151 -998 -719 -446 590 95 -166
249 781 736 84 477 929 -875 382
-713 695 617 -121 -382 -270 928 608
-230 61 -407 492 -780 -862 252 863
572 -928 247 -921 -497 69 -503 -88
